<?xml version="1.0" encoding="UTF-8"?>
<testsuite xmlns:xsi="http://www.w3.org/2001/XMLSchema-instance" xsi:noNamespaceSchemaLocation="https://maven.apache.org/surefire/maven-surefire-plugin/xsd/surefire-test-report-3.0.xsd" version="3.0" name="bullishtest.RunCucumberTest" time="1.292" tests="22" errors="0" skipped="0" failures="0">
  <properties>
[...]
</properties>
  <testcase name="Positive test for post: valid parameters" classname="Testing POST API" time="0.631">
    <system-out><![CDATA[
@tag @tag1
Scenario: Positive test for post: valid parameters &amp#27;[90m# bullishtest/01_post.feature:8&amp#27;[0m
  &amp#27;[32mWhen &amp#27;[0m&amp#27;[32mI post with valid parameters&amp#27;[0m                &amp#27;[90m# bullishtest.StepDefinitions.i_post_with_valid_parameters()&amp#27;[0m
  &amp#27;[32mThen &amp#27;[0m&amp#27;[32mI should get no error with post&amp#27;[0m             &amp#27;[90m# bullishtest.StepDefinitions.i_should_get_no_error_with_post()&amp#27;[0m
]]></system-out>
  </testcase>
  <testcase name=": Positive test for post: extra parameters" classname="Testing POST API" time="0.012">
    <system-out><![CDATA[
@tag @tag2
Scenario Outline: : Positive test for post: extra parameters &amp#27;[90m# bullishtest/01_post.feature:13&amp#27;[0m
  &amp#27;[32mWhen &amp#27;[0m&amp#27;[32mI call &amp#27;[0m&amp#27;[32m&amp#27;[1m"post"&amp#27;[0m&amp#27;[32m with extra parameters&amp#27;[0m                   &amp#27;[90m# bullishtest.StepDefinitions.i_post_put_with_extra_parameters(java.lang.String)&amp#27;[0m
  &amp#27;[32mThen &amp#27;[0m&amp#27;[32mI should get no error with post&amp#27;[0m                       &amp#27;[90m# bullishtest.StepDefinitions.i_should_get_no_error_with_post()&amp#27;[0m
]]></system-out>
  </testcase>
  <testcase name=": Negative test for post: no parameters" classname="Testing POST API" time="0.06">
    <system-out><![CDATA[
@tag @tag3
Scenario Outline: : Negative test for post: no parameters                                          &amp#27;[90m# bullishtest/01_post.feature:18&amp#27;[0m
  &amp#27;[32mWhen &amp#27;[0m&amp#27;[32mI call &amp#27;[0m&amp#27;[32m&amp#27;[1m"post"&amp#27;[0m&amp#27;[32m with no parameters&amp#27;[0m                                                            &amp#27;[90m# bullishtest.StepDefinitions.i_post_put_with_no_parameters(java.lang.String)&amp#27;[0m
  &amp#27;[32mThen &amp#27;[0m&amp#27;[32mI should get expected error code &amp#27;[0m&amp#27;[32m&amp#27;[1m"400"&amp#27;[0m&amp#27;[32m and error message &amp#27;[0m&amp#27;[32m&amp#27;[1m"Required request body is missing"&amp#27;[0m &amp#27;[90m# bullishtest.StepDefinitions.i_should_get_expected_error(java.lang.String,java.lang.String)&amp#27;[0m
]]></system-out>
  </testcase>
  <testcase name=": Negative test for post: invalid parameters" classname="Testing POST API" time="0.012">
    <system-out><![CDATA[
@tag @tag4
Scenario Outline: : Negative test for post: invalid parameters                      &amp#27;[90m# bullishtest/01_post.feature:23&amp#27;[0m
  &amp#27;[32mWhen &amp#27;[0m&amp#27;[32mI call &amp#27;[0m&amp#27;[32m&amp#27;[1m"post"&amp#27;[0m&amp#27;[32m with invalid parameters&amp#27;[0m                                        &amp#27;[90m# bullishtest.StepDefinitions.i_post_with_invalid_parameters(java.lang.String)&amp#27;[0m
  &amp#27;[32mThen &amp#27;[0m&amp#27;[32mI should get expected error code &amp#27;[0m&amp#27;[32m&amp#27;[1m"400"&amp#27;[0m&amp#27;[32m and error message &amp#27;[0m&amp#27;[32m&amp#27;[1m"Validation failed"&amp#27;[0m &amp#27;[90m# bullishtest.StepDefinitions.i_should_get_expected_error(java.lang.String,java.lang.String)&amp#27;[0m
]]></system-out>
  </testcase>
  <testcase name=": Negative test for post: lesser parameters" classname="Testing POST API" time="0.017">
    <system-out><![CDATA[
@tag @tag5
Scenario Outline: : Negative test for post: lesser parameters                       &amp#27;[90m# bullishtest/01_post.feature:28&amp#27;[0m
  &amp#27;[32mWhen &amp#27;[0m&amp#27;[32mI post with lesser parameters&amp#27;[0m                                                &amp#27;[90m# bullishtest.StepDefinitions.i_post_with_lesser_parameters()&amp#27;[0m
  &amp#27;[32mThen &amp#27;[0m&amp#27;[32mI should get expected error code &amp#27;[0m&amp#27;[32m&amp#27;[1m"400"&amp#27;[0m&amp#27;[32m and error message &amp#27;[0m&amp#27;[32m&amp#27;[1m"Validation failed"&amp#27;[0m &amp#27;[90m# bullishtest.StepDefinitions.i_should_get_expected_error(java.lang.String,java.lang.String)&amp#27;[0m
]]></system-out>
  </testcase>
  <testcase name=": Negative test for post: duplicate parameters" classname="Testing POST API" time="0.049">
    <system-out><![CDATA[
@tag @tag6
Scenario Outline: : Negative test for post: duplicate parameters                         &amp#27;[90m# bullishtest/01_post.feature:33&amp#27;[0m
  &amp#27;[32mWhen &amp#27;[0m&amp#27;[32mI post with duplicate parameters&amp#27;[0m                                                  &amp#27;[90m# bullishtest.StepDefinitions.i_post_with_duplicate_parameters()&amp#27;[0m
  &amp#27;[32mThen &amp#27;[0m&amp#27;[32mI should get expected error code &amp#27;[0m&amp#27;[32m&amp#27;[1m"500"&amp#27;[0m&amp#27;[32m and error message &amp#27;[0m&amp#27;[32m&amp#27;[1m"Student already exists"&amp#27;[0m &amp#27;[90m# bullishtest.StepDefinitions.i_should_get_expected_error(java.lang.String,java.lang.String)&amp#27;[0m
]]></system-out>
  </testcase>
  <testcase name=": Positive test for get: no parameters" classname="Testing GET API" time="0.138">
    <system-out><![CDATA[
@tag @tag1
Scenario Outline: : Positive test for get: no parameters &amp#27;[90m# bullishtest/02_get.feature:8&amp#27;[0m
  &amp#27;[32mGiven &amp#27;[0m&amp#27;[32mI have students in the table&amp#27;[0m                     &amp#27;[90m# bullishtest.StepDefinitions.i_have_students_in_the_table()&amp#27;[0m
  &amp#27;[32mWhen &amp#27;[0m&amp#27;[32mI call &amp#27;[0m&amp#27;[32m&amp#27;[1m"get"&amp#27;[0m&amp#27;[32m with no parameters&amp#27;[0m                   &amp#27;[90m# bullishtest.StepDefinitions.i_post_put_with_no_parameters(java.lang.String)&amp#27;[0m
  &amp#27;[32mThen &amp#27;[0m&amp#27;[32mI should get no error with get&amp#27;[0m                    &amp#27;[90m# bullishtest.StepDefinitions.i_should_get_no_error_with_get()&amp#27;[0m
]]></system-out>
  </testcase>
  <testcase name="Positive test for get: parameter id" classname="Testing GET API" time="0.061">
    <system-out><![CDATA[
@tag @tag2
Scenario: Positive test for get: parameter id         &amp#27;[90m# bullishtest/02_get.feature:14&amp#27;[0m
  &amp#27;[32mGiven &amp#27;[0m&amp#27;[32mI have students in the table&amp#27;[0m                  &amp#27;[90m# bullishtest.StepDefinitions.i_have_students_in_the_table()&amp#27;[0m
  &amp#27;[32mWhen &amp#27;[0m&amp#27;[32mI get the list of students with &amp#27;[0m&amp#27;[32m&amp#27;[1m"id"&amp#27;[0m&amp#27;[32m parameter&amp#27;[0m &amp#27;[90m# bullishtest.StepDefinitions.i_get_the_list_of_students_with_parameter(java.lang.String)&amp#27;[0m
  &amp#27;[32mThen &amp#27;[0m&amp#27;[32mI should get no error with get&amp#27;[0m                 &amp#27;[90m# bullishtest.StepDefinitions.i_should_get_no_error_with_get()&amp#27;[0m
]]></system-out>
  </testcase>
  <testcase name="Positive test for get: parameter studentClass" classname="Testing GET API" time="0.027">
    <system-out><![CDATA[
@tag @tag3
Scenario: Positive test for get: parameter studentClass         &amp#27;[90m# bullishtest/02_get.feature:20&amp#27;[0m
  &amp#27;[32mGiven &amp#27;[0m&amp#27;[32mI have students in the table&amp#27;[0m                            &amp#27;[90m# bullishtest.StepDefinitions.i_have_students_in_the_table()&amp#27;[0m
  &amp#27;[32mWhen &amp#27;[0m&amp#27;[32mI get the list of students with &amp#27;[0m&amp#27;[32m&amp#27;[1m"studentClass"&amp#27;[0m&amp#27;[32m parameter&amp#27;[0m &amp#27;[90m# bullishtest.StepDefinitions.i_get_the_list_of_students_with_parameter(java.lang.String)&amp#27;[0m
  &amp#27;[32mThen &amp#27;[0m&amp#27;[32mI should get no error with get&amp#27;[0m                           &amp#27;[90m# bullishtest.StepDefinitions.i_should_get_no_error_with_get()&amp#27;[0m
]]></system-out>
  </testcase>
  <testcase name="Positive test for get: parameter id and studentClass" classname="Testing GET API" time="0.027">
    <system-out><![CDATA[
@tag @tag4
Scenario: Positive test for get: parameter id and studentClass      &amp#27;[90m# bullishtest/02_get.feature:26&amp#27;[0m
  &amp#27;[32mGiven &amp#27;[0m&amp#27;[32mI have students in the table&amp#27;[0m                                &amp#27;[90m# bullishtest.StepDefinitions.i_have_students_in_the_table()&amp#27;[0m
  &amp#27;[32mWhen &amp#27;[0m&amp#27;[32mI get the list of students with &amp#27;[0m&amp#27;[32m&amp#27;[1m"id, studentClass"&amp#27;[0m&amp#27;[32m parameter&amp#27;[0m &amp#27;[90m# bullishtest.StepDefinitions.i_get_the_list_of_students_with_parameter(java.lang.String)&amp#27;[0m
  &amp#27;[32mThen &amp#27;[0m&amp#27;[32mI should get no error with get&amp#27;[0m                               &amp#27;[90m# bullishtest.StepDefinitions.i_should_get_no_error_with_get()&amp#27;[0m
]]></system-out>
  </testcase>
  <testcase name="Negative test for get: value of parameter studentClass is wrong" classname="Testing GET API" time="0.018">
    <system-out><![CDATA[
@tag @tag5
Scenario: Negative test for get: value of parameter studentClass is wrong &amp#27;[90m# bullishtest/02_get.feature:32&amp#27;[0m
  &amp#27;[32mGiven &amp#27;[0m&amp#27;[32mI have students in the table&amp#27;[0m                                      &amp#27;[90m# bullishtest.StepDefinitions.i_have_students_in_the_table()&amp#27;[0m
  &amp#27;[32mWhen &amp#27;[0m&amp#27;[32mI get the list of students with wrong &amp#27;[0m&amp#27;[32m&amp#27;[1m"studentClass"&amp#27;[0m&amp#27;[32m parameter&amp#27;[0m     &amp#27;[90m# bullishtest.StepDefinitions.i_get_the_list_of_students_with_wrong_parameter(java.lang.String)&amp#27;[0m
  &amp#27;[32mThen &amp#27;[0m&amp#27;[32mI should get empty list&amp#27;[0m                                            &amp#27;[90m# bullishtest.StepDefinitions.i_should_get_an_empty_list()&amp#27;[0m
]]></system-out>
  </testcase>
  <testcase name="Negative test for get: value of parameter id is wrong" classname="Testing GET API" time="0.018">
    <system-out><![CDATA[
@tag @tag6
Scenario: Negative test for get: value of parameter id is wrong &amp#27;[90m# bullishtest/02_get.feature:38&amp#27;[0m
  &amp#27;[32mGiven &amp#27;[0m&amp#27;[32mI have students in the table&amp#27;[0m                            &amp#27;[90m# bullishtest.StepDefinitions.i_have_students_in_the_table()&amp#27;[0m
  &amp#27;[32mWhen &amp#27;[0m&amp#27;[32mI get the list of students with wrong &amp#27;[0m&amp#27;[32m&amp#27;[1m"id"&amp#27;[0m&amp#27;[32m parameter&amp#27;[0m     &amp#27;[90m# bullishtest.StepDefinitions.i_get_the_list_of_students_with_wrong_parameter(java.lang.String)&amp#27;[0m
  &amp#27;[32mThen &amp#27;[0m&amp#27;[32mI should get empty list&amp#27;[0m                                  &amp#27;[90m# bullishtest.StepDefinitions.i_should_get_an_empty_list()&amp#27;[0m
]]></system-out>
  </testcase>
  <testcase name="Negative test for get: value of parameter id and studentClass is wrong" classname="Testing GET API" time="0.017">
    <system-out><![CDATA[
@tag @tag7
Scenario: Negative test for get: value of parameter id and studentClass is wrong &amp#27;[90m# bullishtest/02_get.feature:44&amp#27;[0m
  &amp#27;[32mGiven &amp#27;[0m&amp#27;[32mI have students in the table&amp#27;[0m                                             &amp#27;[90m# bullishtest.StepDefinitions.i_have_students_in_the_table()&amp#27;[0m
  &amp#27;[32mWhen &amp#27;[0m&amp#27;[32mI get the list of students with wrong &amp#27;[0m&amp#27;[32m&amp#27;[1m"id, studentClass"&amp#27;[0m&amp#27;[32m parameter&amp#27;[0m        &amp#27;[90m# bullishtest.StepDefinitions.i_get_the_list_of_students_with_wrong_parameter(java.lang.String)&amp#27;[0m
  &amp#27;[32mThen &amp#27;[0m&amp#27;[32mI should get empty list&amp#27;[0m                                                   &amp#27;[90m# bullishtest.StepDefinitions.i_should_get_an_empty_list()&amp#27;[0m
]]></system-out>
  </testcase>
  <testcase name="Positive test for put: all parameters" classname="Testing PUT API" time="0.019">
    <system-out><![CDATA[
@tag @tag1
Scenario: Positive test for put: all parameters        &amp#27;[90m# bullishtest/03_put.feature:8&amp#27;[0m
  &amp#27;[32mGiven &amp#27;[0m&amp#27;[32mI have students in the table&amp#27;[0m                   &amp#27;[90m# bullishtest.StepDefinitions.i_have_students_in_the_table()&amp#27;[0m
  &amp#27;[32mWhen &amp#27;[0m&amp#27;[32mI edit the list of students with all parameters&amp#27;[0m &amp#27;[90m# bullishtest.StepDefinitions.i_edit_the_list_of_students_with_all_parameters()&amp#27;[0m
  &amp#27;[32mThen &amp#27;[0m&amp#27;[32mI should get no error with put&amp#27;[0m                  &amp#27;[90m# bullishtest.StepDefinitions.i_should_get_no_error_with_put()&amp#27;[0m
]]></system-out>
  </testcase>
  <testcase name=": Positive test for put: extra parameters" classname="Testing PUT API" time="0.015">
    <system-out><![CDATA[
@tag @tag2
Scenario Outline: : Positive test for put: extra parameters &amp#27;[90m# bullishtest/03_put.feature:14&amp#27;[0m
  &amp#27;[32mGiven &amp#27;[0m&amp#27;[32mI have students in the table&amp#27;[0m                        &amp#27;[90m# bullishtest.StepDefinitions.i_have_students_in_the_table()&amp#27;[0m
  &amp#27;[32mWhen &amp#27;[0m&amp#27;[32mI call &amp#27;[0m&amp#27;[32m&amp#27;[1m"put"&amp#27;[0m&amp#27;[32m with extra parameters&amp#27;[0m                   &amp#27;[90m# bullishtest.StepDefinitions.i_post_put_with_extra_parameters(java.lang.String)&amp#27;[0m
  &amp#27;[32mThen &amp#27;[0m&amp#27;[32mI should get no error with put&amp#27;[0m                       &amp#27;[90m# bullishtest.StepDefinitions.i_should_get_no_error_with_put()&amp#27;[0m
]]></system-out>
  </testcase>
  <testcase name=": Positive test for put: less parameters" classname="Testing PUT API" time="0.017">
    <system-out><![CDATA[
@tag @tag3
Scenario Outline: : Positive test for put: less parameters &amp#27;[90m# bullishtest/03_put.feature:20&amp#27;[0m
  &amp#27;[32mGiven &amp#27;[0m&amp#27;[32mI have students in the table&amp#27;[0m                       &amp#27;[90m# bullishtest.StepDefinitions.i_have_students_in_the_table()&amp#27;[0m
  &amp#27;[32mWhen &amp#27;[0m&amp#27;[32mI call put with less parameters&amp#27;[0m                     &amp#27;[90m# bullishtest.StepDefinitions.i_call_put_with_less_parameters()&amp#27;[0m
  &amp#27;[32mThen &amp#27;[0m&amp#27;[32mI should get no error with put&amp#27;[0m                      &amp#27;[90m# bullishtest.StepDefinitions.i_should_get_no_error_with_put()&amp#27;[0m
]]></system-out>
  </testcase>
  <testcase name=": Negative test for put: no parameters" classname="Testing PUT API" time="0.01">
    <system-out><![CDATA[
@tag @tag4
Scenario Outline: : Negative test for put: no parameters                                           &amp#27;[90m# bullishtest/03_put.feature:26&amp#27;[0m
  &amp#27;[32mWhen &amp#27;[0m&amp#27;[32mI call &amp#27;[0m&amp#27;[32m&amp#27;[1m"put"&amp#27;[0m&amp#27;[32m with no parameters&amp#27;[0m                                                             &amp#27;[90m# bullishtest.StepDefinitions.i_post_put_with_no_parameters(java.lang.String)&amp#27;[0m
  &amp#27;[32mThen &amp#27;[0m&amp#27;[32mI should get expected error code &amp#27;[0m&amp#27;[32m&amp#27;[1m"400"&amp#27;[0m&amp#27;[32m and error message &amp#27;[0m&amp#27;[32m&amp#27;[1m"Required request body is missing"&amp#27;[0m &amp#27;[90m# bullishtest.StepDefinitions.i_should_get_expected_error(java.lang.String,java.lang.String)&amp#27;[0m
]]></system-out>
  </testcase>
  <testcase name=": Negative test for put: invalid parameters" classname="Testing PUT API" time="0.015">
    <system-out><![CDATA[
@tag @tag5
Scenario Outline: : Negative test for put: invalid parameters                       &amp#27;[90m# bullishtest/03_put.feature:31&amp#27;[0m
  &amp#27;[32mGiven &amp#27;[0m&amp#27;[32mI have students in the table&amp#27;[0m                                                &amp#27;[90m# bullishtest.StepDefinitions.i_have_students_in_the_table()&amp#27;[0m
  &amp#27;[32mWhen &amp#27;[0m&amp#27;[32mI call &amp#27;[0m&amp#27;[32m&amp#27;[1m"put"&amp#27;[0m&amp#27;[32m with invalid parameters&amp#27;[0m                                         &amp#27;[90m# bullishtest.StepDefinitions.i_post_with_invalid_parameters(java.lang.String)&amp#27;[0m
  &amp#27;[32mThen &amp#27;[0m&amp#27;[32mI should get expected error code &amp#27;[0m&amp#27;[32m&amp#27;[1m"400"&amp#27;[0m&amp#27;[32m and error message &amp#27;[0m&amp#27;[32m&amp#27;[1m"Validation failed"&amp#27;[0m &amp#27;[90m# bullishtest.StepDefinitions.i_should_get_expected_error(java.lang.String,java.lang.String)&amp#27;[0m
]]></system-out>
  </testcase>
  <testcase name="Positive test for delete: correct parameters" classname="Testing DELETE API" time="0.019">
    <system-out><![CDATA[
@tag @tag1
Scenario: Positive test for delete: correct parameters &amp#27;[90m# bullishtest/04_delete.feature:8&amp#27;[0m
  &amp#27;[32mGiven &amp#27;[0m&amp#27;[32mI have students in the table&amp#27;[0m                   &amp#27;[90m# bullishtest.StepDefinitions.i_have_students_in_the_table()&amp#27;[0m
  &amp#27;[32mWhen &amp#27;[0m&amp#27;[32mI delete with correct parameters&amp#27;[0m                &amp#27;[90m# bullishtest.StepDefinitions.i_delete_with_correct_parameters()&amp#27;[0m
  &amp#27;[32mThen &amp#27;[0m&amp#27;[32mI should get no error with delete&amp#27;[0m               &amp#27;[90m# bullishtest.StepDefinitions.i_should_get_no_error_with_delete()&amp#27;[0m
]]></system-out>
  </testcase>
  <testcase name=": Negative test for delete: no parameters" classname="Testing DELETE API" time="0.008">
    <system-out><![CDATA[
@tag @tag2
Scenario Outline: : Negative test for delete: no parameters                                        &amp#27;[90m# bullishtest/04_delete.feature:14&amp#27;[0m
  &amp#27;[32mWhen &amp#27;[0m&amp#27;[32mI call &amp#27;[0m&amp#27;[32m&amp#27;[1m"delete"&amp#27;[0m&amp#27;[32m with no parameters&amp#27;[0m                                                          &amp#27;[90m# bullishtest.StepDefinitions.i_post_put_with_no_parameters(java.lang.String)&amp#27;[0m
  &amp#27;[32mThen &amp#27;[0m&amp#27;[32mI should get expected error code &amp#27;[0m&amp#27;[32m&amp#27;[1m"400"&amp#27;[0m&amp#27;[32m and error message &amp#27;[0m&amp#27;[32m&amp#27;[1m"Required request body is missing"&amp#27;[0m &amp#27;[90m# bullishtest.StepDefinitions.i_should_get_expected_error(java.lang.String,java.lang.String)&amp#27;[0m
]]></system-out>
  </testcase>
  <testcase name=": Positive test for delete: extra parameters" classname="Testing DELETE API" time="0.015">
    <system-out><![CDATA[
@tag @tag3
Scenario Outline: : Positive test for delete: extra parameters &amp#27;[90m# bullishtest/04_delete.feature:19&amp#27;[0m
  &amp#27;[32mGiven &amp#27;[0m&amp#27;[32mI have students in the table&amp#27;[0m                           &amp#27;[90m# bullishtest.StepDefinitions.i_have_students_in_the_table()&amp#27;[0m
  &amp#27;[32mWhen &amp#27;[0m&amp#27;[32mI call &amp#27;[0m&amp#27;[32m&amp#27;[1m"delete"&amp#27;[0m&amp#27;[32m with extra parameters&amp#27;[0m                   &amp#27;[90m# bullishtest.StepDefinitions.i_post_put_with_extra_parameters(java.lang.String)&amp#27;[0m
  &amp#27;[32mThen &amp#27;[0m&amp#27;[32mI should get no error with delete&amp#27;[0m                       &amp#27;[90m# bullishtest.StepDefinitions.i_should_get_no_error_with_delete()&amp#27;[0m
]]></system-out>
  </testcase>
  <testcase name=": Negative test for delete: invalid parameters" classname="Testing DELETE API" time="0.016">
    <system-out><![CDATA[
@tag @tag4
Scenario Outline: : Negative test for delete: invalid parameters                    &amp#27;[90m# bullishtest/04_delete.feature:25&amp#27;[0m
  &amp#27;[32mGiven &amp#27;[0m&amp#27;[32mI have students in the table&amp#27;[0m                                                &amp#27;[90m# bullishtest.StepDefinitions.i_have_students_in_the_table()&amp#27;[0m
  &amp#27;[32mWhen &amp#27;[0m&amp#27;[32mI call &amp#27;[0m&amp#27;[32m&amp#27;[1m"delete"&amp#27;[0m&amp#27;[32m with invalid parameters&amp#27;[0m                                      &amp#27;[90m# bullishtest.StepDefinitions.i_post_with_invalid_parameters(java.lang.String)&amp#27;[0m
  &amp#27;[32mThen &amp#27;[0m&amp#27;[32mI should get expected error code &amp#27;[0m&amp#27;[32m&amp#27;[1m"400"&amp#27;[0m&amp#27;[32m and error message &amp#27;[0m&amp#27;[32m&amp#27;[1m"Validation failed"&amp#27;[0m &amp#27;[90m# bullishtest.StepDefinitions.i_should_get_expected_error(java.lang.String,java.lang.String)&amp#27;[0m
]]></system-out>
  </testcase>
</testsuite>